app/build/outputs/logs/manifest-merger-debug-report.txt
-- Merging decision tree log ---
manifest
ADDED from src\main\AndroidManifest.xml:2:1-219:12
	package
		ADDED from src\main\AndroidManifest.xml:3:5-33
		INJECTED from src\main\AndroidManifest.xml
		INJECTED from src\main\AndroidManifest.xml
	android:versionName
		INJECTED from src\main\AndroidManifest.xml
		INJECTED from src\main\AndroidManifest.xml
	xmlns:android
		ADDED from src\main\AndroidManifest.xml:2:11-69
	android:versionCode
		INJECTED from src\main\AndroidManifest.xml
		INJECTED from src\main\AndroidManifest.xml
uses-permission#android.permission.INTERNET
ADDED from src\main\AndroidManifest.xml:5:5-67
MERGED from [com.estimote:mgmtsdk:1.0.8] AndroidManifest.xml:15:5-67
MERGED from [com.estimote:coresdk:1.0.6] AndroidManifest.xml:15:5-67
MERGED from [com.google.firebase:firebase-analytics:11.0.4] AndroidManifest.xml:20:5-66
MERGED from [com.google.firebase:firebase-analytics-impl:11.0.4] AndroidManifest.xml:20:5-66
MERGED from [com.google.firebase:firebase-iid:11.0.4] AndroidManifest.xml:20:5-66
MERGED from [com.crashlytics.sdk.android:crashlytics:2.6.8] AndroidManifest.xml:9:5-67
MERGED from [com.crashlytics.sdk.android:beta:1.2.5] AndroidManifest.xml:9:5-67
MERGED from [com.crashlytics.sdk.android:crashlytics-core:2.3.17] AndroidManifest.xml:52:5-67
MERGED from [com.crashlytics.sdk.android:answers:1.3.13] AndroidManifest.xml:9:5-67
MERGED from [io.fabric.sdk.android:fabric:1.3.17] AndroidManifest.xml:29:5-67
MERGED from [com.google.android.gms:play-services-maps:11.0.4] AndroidManifest.xml:20:5-66
MERGED from [com.daimajia.slider:library:1.1.5] AndroidManifest.xml:11:5-67
	android:name
		ADDED from src\main\AndroidManifest.xml:5:22-64
uses-permission#android.permission.CAMERA
ADDED from src\main\AndroidManifest.xml:6:5-65
	android:name
		ADDED from src\main\AndroidManifest.xml:6:22-62
uses-permission#android.permission.WRITE_EXTERNAL_STORAGE
ADDED from src\main\AndroidManifest.xml:7:5-81
MERGED from [com.daimajia.slider:library:1.1.5] AndroidManifest.xml:12:5-81
	android:name
		ADDED from src\main\AndroidManifest.xml:7:22-78
uses-permission#android.permission.ACCESS_COARSE_LOCATION
ADDED from src\main\AndroidManifest.xml:8:5-81
	android:name
		ADDED from src\main\AndroidManifest.xml:8:22-78
uses-permission#android.permission.ACCESS_FINE_LOCATION
ADDED from src\main\AndroidManifest.xml:9:5-79
	android:name
		ADDED from src\main\AndroidManifest.xml:9:22-76
uses-permission#android.permission.RECEIVE_BOOT_COMPLETED
ADDED from src\main\AndroidManifest.xml:10:5-81
	android:name
		ADDED from src\main\AndroidManifest.xml:10:22-78
application
ADDED from src\main\AndroidManifest.xml:12:5-217:19
MERGED from [com.android.support.constraint:constraint-layout:1.0.2] AndroidManifest.xml:9:5-20
MERGED from [com.android.support:design:25.3.1] AndroidManifest.xml:29:5-20
MERGED from [com.android.support:transition:25.3.1] AndroidManifest.xml:26:5-20
MERGED from [com.android.support:cardview-v7:25.3.1] AndroidManifest.xml:26:5-20
MERGED from [com.android.support:percent:25.3.1] AndroidManifest.xml:26:5-20
MERGED from [com.estimote:sdk:1.0.8] AndroidManifest.xml:11:5-15:19
MERGED from [com.estimote:mgmtsdk:1.0.8] AndroidManifest.xml:22:5-27:19
MERGED from [com.estimote:management-sdk:0.0.1] AndroidManifest.xml:11:5-14:19
MERGED from [com.estimote:cloud-plugin:0.0.1] AndroidManifest.xml:11:5-14:19
MERGED from [com.estimote:internal-plugins-api:0.0.1] AndroidManifest.xml:11:5-14:19
MERGED from [com.estimote:coresdk:1.0.6] AndroidManifest.xml:22:5-32:19
MERGED from [com.google.firebase:firebase-core:11.0.4] AndroidManifest.xml:5:5-20
MERGED from [com.google.firebase:firebase-analytics:11.0.4] AndroidManifest.xml:24:5-34:19
MERGED from [com.google.firebase:firebase-analytics-impl:11.0.4] AndroidManifest.xml:24:5-28:19
MERGED from [com.google.firebase:firebase-messaging:11.0.4] AndroidManifest.xml:19:5-29:19
MERGED from [com.google.firebase:firebase-iid:11.0.4] AndroidManifest.xml:28:5-49:19
MERGED from [com.google.firebase:firebase-common:11.0.4] AndroidManifest.xml:4:5-7:19
MERGED from [com.google.android.gms:play-services-location:11.0.4] AndroidManifest.xml:4:5-19
MERGED from [com.google.maps.android:android-maps-utils:0.5] AndroidManifest.xml:7:5-11:19
MERGED from [com.crashlytics.sdk.android:crashlytics:2.6.8] AndroidManifest.xml:11:5-20
MERGED from [com.crashlytics.sdk.android:beta:1.2.5] AndroidManifest.xml:11:5-20
MERGED from [com.crashlytics.sdk.android:crashlytics-core:2.3.17] AndroidManifest.xml:54:5-20
MERGED from [com.crashlytics.sdk.android:answers:1.3.13] AndroidManifest.xml:11:5-20
MERGED from [io.fabric.sdk.android:fabric:1.3.17] AndroidManifest.xml:31:5-20
MERGED from [com.tsengvn:typekit:1.0.1] AndroidManifest.xml:11:5-20
MERGED from [de.hdodenhof:circleimageview:2.2.0] AndroidManifest.xml:9:5-20
MERGED from [com.balysv.materialmenu:material-menu:2.0.0] AndroidManifest.xml:10:5-20
MERGED from [com.github.jd-alexander:library:1.1.0] AndroidManifest.xml:11:5-20
MERGED from [com.google.android.gms:play-services-maps:11.0.4] AndroidManifest.xml:24:5-19
MERGED from [com.facebook.stetho:stetho-okhttp3:1.5.0] AndroidManifest.xml:11:5-20
MERGED from [com.facebook.stetho:stetho:1.5.0] AndroidManifest.xml:11:5-20
MERGED from [com.github.jkwiecien:EasyImage:1.3.1] AndroidManifest.xml:11:5-21:19
MERGED from [com.wdullaer:materialdatetimepicker:3.4.0] AndroidManifest.xml:28:5-20
MERGED from [com.android.support:appcompat-v7:25.3.1] AndroidManifest.xml:29:5-20
MERGED from [com.android.support:animated-vector-drawable:25.3.1] AndroidManifest.xml:26:5-20
MERGED from [com.android.support:support-vector-drawable:25.3.1] AndroidManifest.xml:26:5-20
MERGED from [com.android.volley:volley:1.1.0] AndroidManifest.xml:9:5-20
MERGED from [com.google.android.gms:play-services-auth:11.0.4] AndroidManifest.xml:19:5-25:19
MERGED from [com.google.android.gms:play-services-base:11.0.4] AndroidManifest.xml:18:5-20:19
MERGED from [com.google.android.gms:play-services-tasks:11.0.4] AndroidManifest.xml:4:5-19
MERGED from [com.google.android.gms:play-services-basement:11.0.4] AndroidManifest.xml:19:5-21:19
MERGED from [com.facebook.android:facebook-android-sdk:4.7.0] AndroidManifest.xml:28:5-20
MERGED from [com.android.support:support-v4:25.3.1] AndroidManifest.xml:29:5-20
MERGED from [com.android.support:support-fragment:25.3.1] AndroidManifest.xml:29:5-20
MERGED from [com.android.support:support-media-compat:25.3.1] AndroidManifest.xml:29:5-20
MERGED from [com.android.support:support-core-ui:25.3.1] AndroidManifest.xml:29:5-20
MERGED from [com.android.support:support-core-utils:25.3.1] AndroidManifest.xml:29:5-20
MERGED from [com.android.support:support-compat:25.3.1] AndroidManifest.xml:29:5-20
	android:label
		ADDED from src\main\AndroidManifest.xml:16:9-41
	android:supportsRtl
		ADDED from src\main\AndroidManifest.xml:19:9-35
	android:roundIcon
		ADDED from src\main\AndroidManifest.xml:18:9-48
	android:allowBackup
		ADDED from src\main\AndroidManifest.xml:14:9-35
	android:icon
		ADDED from src\main\AndroidManifest.xml:15:9-43
	android:persistent
		ADDED from src\main\AndroidManifest.xml:17:9-34
	android:theme
		ADDED from src\main\AndroidManifest.xml:20:9-40
	android:name
		ADDED from src\main\AndroidManifest.xml:13:9-31
meta-data#com.google.android.geo.API_KEY
ADDED from src\main\AndroidManifest.xml:21:9-23:71
	android:value
		ADDED from src\main\AndroidManifest.xml:23:13-68
	android:name
		ADDED from src\main\AndroidManifest.xml:22:13-58
meta-data#io.fabric.ApiKey
ADDED from src\main\AndroidManifest.xml:24:9-26:72
	android:value
		ADDED from src\main\AndroidManifest.xml:26:13-69
	android:name
		ADDED from src\main\AndroidManifest.xml:25:13-44
activity#com.sumroch.spotme.activities.dashboard.DashboardActivity
ADDED from src\main\AndroidManifest.xml:57:9-60:59
	android:screenOrientation
		ADDED from src\main\AndroidManifest.xml:59:13-49
	android:theme
		ADDED from src\main\AndroidManifest.xml:60:13-56
	android:name
		ADDED from src\main\AndroidManifest.xml:58:13-67
activity#com.sumroch.spotme.activities.gridmenu.GridMenuActivity
ADDED from src\main\AndroidManifest.xml:61:9-64:55
	android:screenOrientation
		ADDED from src\main\AndroidManifest.xml:63:13-49
	android:theme
		ADDED from src\main\AndroidManifest.xml:64:13-52
	android:name
		ADDED from src\main\AndroidManifest.xml:62:13-65
activity#com.sumroch.spotme.activities.parkir.ListMallParkirActivity
ADDED from src\main\AndroidManifest.xml:65:9-68:55
	android:screenOrientation
		ADDED from src\main\AndroidManifest.xml:67:13-49
	android:theme
		ADDED from src\main\AndroidManifest.xml:68:13-52
	android:name
		ADDED from src\main\AndroidManifest.xml:66:13-69
activity#com.sumroch.spotme.activities.parkir.MallParkirActivity
ADDED from src\main\AndroidManifest.xml:69:9-72:48
	android:screenOrientation
		ADDED from src\main\AndroidManifest.xml:71:13-49
	android:theme
		ADDED from src\main\AndroidManifest.xml:72:13-45
	android:name
		ADDED from src\main\AndroidManifest.xml:70:13-65
activity#com.sumroch.spotme.activities.registration.RegistrationActivity
ADDED from src\main\AndroidManifest.xml:73:9-76:55
	android:screenOrientation
		ADDED from src\main\AndroidManifest.xml:75:13-49
	android:theme
		ADDED from src\main\AndroidManifest.xml:76:13-52
	android:name
		ADDED from src\main\AndroidManifest.xml:74:13-73
activity#com.sumroch.spotme.activities.registration.ForgotPasswordActivity
ADDED from src\main\AndroidManifest.xml:77:9-80:55
	android:screenOrientation
		ADDED from src\main\AndroidManifest.xml:79:13-49
	android:theme
		ADDED from src\main\AndroidManifest.xml:80:13-52
	android:name
		ADDED from src\main\AndroidManifest.xml:78:13-75
activity#com.sumroch.spotme.activities.registration.SignInActivity
ADDED from src\main\AndroidManifest.xml:81:9-84:55
	android:screenOrientation
		ADDED from src\main\AndroidManifest.xml:83:13-49
	android:theme
		ADDED from src\main\AndroidManifest.xml:84:13-52
	android:name
		ADDED from src\main\AndroidManifest.xml:82:13-67
activity#com.sumroch.spotme.activities.frontier.LoginActivity
ADDED from src\main\AndroidManifest.xml:85:9-93:20
	android:screenOrientation
		ADDED from src\main\AndroidManifest.xml:87:13-49
	android:name
		ADDED from src\main\AndroidManifest.xml:86:13-62
intent-filter#android.intent.action.MAIN+android.intent.category.LAUNCHER
ADDED from src\main\AndroidManifest.xml:88:13-92:29
action#android.intent.action.MAIN
ADDED from src\main\AndroidManifest.xml:89:17-69
	android:name
		ADDED from src\main\AndroidManifest.xml:89:25-66
category#android.intent.category.LAUNCHER
ADDED from src\main\AndroidManifest.xml:91:17-77
	android:name
		ADDED from src\main\AndroidManifest.xml:91:27-74
activity#com.sumroch.spotme.activities.notification.NotificationActivity
ADDED from src\main\AndroidManifest.xml:94:9-97:48
	android:screenOrientation
		ADDED from src\main\AndroidManifest.xml:96:13-49
	android:theme
		ADDED from src\main\AndroidManifest.xml:97:13-45
	android:name
		ADDED from src\main\AndroidManifest.xml:95:13-73
receiver#com.sumroch.spotme.services.beacon.BluetoothStateReceiver
ADDED from src\main\AndroidManifest.xml:99:9-103:20
	android:name
		ADDED from src\main\AndroidManifest.xml:99:19-73
intent-filter#android.bluetooth.adapter.action.STATE_CHANGED
ADDED from src\main\AndroidManifest.xml:100:13-102:29
action#android.bluetooth.adapter.action.STATE_CHANGED
ADDED from src\main\AndroidManifest.xml:101:17-89
	android:name
		ADDED from src\main\AndroidManifest.xml:101:25-86
activity#com.sumroch.spotme.activities.gridmenu.parkir.ParkirActivity
ADDED from src\main\AndroidManifest.xml:105:9-108:55
	android:screenOrientation
		ADDED from src\main\AndroidManifest.xml:107:13-49
	android:theme
		ADDED from src\main\AndroidManifest.xml:108:13-52
	android:name
		ADDED from src\main\AndroidManifest.xml:106:13-70
activity#com.sumroch.spotme.activities.event.EventActivity
ADDED from src\main\AndroidManifest.xml:109:9-112:55
	android:screenOrientation
		ADDED from src\main\AndroidManifest.xml:111:13-49
	android:theme
		ADDED from src\main\AndroidManifest.xml:112:13-52
	android:name
		ADDED from src\main\AndroidManifest.xml:110:13-59
activity#com.sumroch.spotme.activities.event.DetailEventActivity
ADDED from src\main\AndroidManifest.xml:113:9-116:55
	android:screenOrientation
		ADDED from src\main\AndroidManifest.xml:115:13-49
	android:theme
		ADDED from src\main\AndroidManifest.xml:116:13-52
	android:name
		ADDED from src\main\AndroidManifest.xml:114:13-65
activity#com.sumroch.spotme.activities.event.EventDetailActivity
ADDED from src\main\AndroidManifest.xml:117:9-120:55
	android:screenOrientation
		ADDED from src\main\AndroidManifest.xml:119:13-49
	android:theme
		ADDED from src\main\AndroidManifest.xml:120:13-52
	android:name
		ADDED from src\main\AndroidManifest.xml:118:13-65
activity#com.sumroch.spotme.activities.parkir.ReserveParkirActivity
ADDED from src\main\AndroidManifest.xml:121:9-124:55
	android:screenOrientation
		ADDED from src\main\AndroidManifest.xml:123:13-49
	android:theme
		ADDED from src\main\AndroidManifest.xml:124:13-52
	android:name
		ADDED from src\main\AndroidManifest.xml:122:13-68
activity#com.sumroch.spotme.activities.parkir.AvailableParkirActivity
ADDED from src\main\AndroidManifest.xml:125:9-128:55
	android:screenOrientation
		ADDED from src\main\AndroidManifest.xml:127:13-49
	android:theme
		ADDED from src\main\AndroidManifest.xml:128:13-52
	android:name
		ADDED from src\main\AndroidManifest.xml:126:13-70
service#com.sumroch.spotme.services.beacon.SpotMeService
ADDED from src\main\AndroidManifest.xml:130:9-66
	android:name
		ADDED from src\main\AndroidManifest.xml:130:18-63
activity#com.sumroch.spotme.activities.notification.NotificationDetailActivity
ADDED from src\main\AndroidManifest.xml:132:9-134:52
	android:screenOrientation
		ADDED from src\main\AndroidManifest.xml:134:13-49
	android:name
		ADDED from src\main\AndroidManifest.xml:133:13-79
receiver#com.sumroch.spotme.services.beacon.BootReceiver
ADDED from src\main\AndroidManifest.xml:136:9-140:20
	android:name
		ADDED from src\main\AndroidManifest.xml:136:19-63
intent-filter#android.intent.action.BOOT_COMPLETED
ADDED from src\main\AndroidManifest.xml:137:13-139:29
action#android.intent.action.BOOT_COMPLETED
ADDED from src\main\AndroidManifest.xml:138:17-79
	android:name
		ADDED from src\main\AndroidManifest.xml:138:25-76
activity#com.facebook.FacebookActivity
ADDED from src\main\AndroidManifest.xml:167:9-171:75
	android:label
		ADDED from src\main\AndroidManifest.xml:170:13-45
	android:configChanges
		ADDED from src\main\AndroidManifest.xml:169:13-96
	android:theme
		ADDED from src\main\AndroidManifest.xml:171:13-72
	android:name
		ADDED from src\main\AndroidManifest.xml:168:13-57
meta-data#com.facebook.sdk.ApplicationId
ADDED from src\main\AndroidManifest.xml:173:9-175:55
	android:value
		ADDED from src\main\AndroidManifest.xml:175:13-52
	android:name
		ADDED from src\main\AndroidManifest.xml:174:13-58
activity#com.sumroch.spotme.activities.registration.editprofile.EditProfileActivity
ADDED from src\main\AndroidManifest.xml:178:9-181:47
	android:label
		ADDED from src\main\AndroidManifest.xml:180:13-64
	android:theme
		ADDED from src\main\AndroidManifest.xml:181:13-44
	android:name
		ADDED from src\main\AndroidManifest.xml:179:13-84
activity#com.sumroch.spotme.activities.registration.editprofile.EditPhotoActivity
ADDED from src\main\AndroidManifest.xml:182:9-185:43
	android:label
		ADDED from src\main\AndroidManifest.xml:184:13-41
	android:theme
		ADDED from src\main\AndroidManifest.xml:185:13-40
	android:name
		ADDED from src\main\AndroidManifest.xml:183:13-82
activity#com.sumroch.spotme.activities.registration.editprofile.ProfileActivity
ADDED from src\main\AndroidManifest.xml:186:9-189:48
	android:label
		ADDED from src\main\AndroidManifest.xml:188:13-36
	android:theme
		ADDED from src\main\AndroidManifest.xml:189:13-45
	android:name
		ADDED from src\main\AndroidManifest.xml:187:13-80
activity#com.sumroch.spotme.activities.gridmenu.MemberActivity
ADDED from src\main\AndroidManifest.xml:190:9-192:53
	android:screenOrientation
		ADDED from src\main\AndroidManifest.xml:192:13-50
	android:name
		ADDED from src\main\AndroidManifest.xml:191:13-63
activity#com.sumroch.spotme.activities.parkir.history.DetailParkirActivity
ADDED from src\main\AndroidManifest.xml:193:9-196:48
	android:label
		ADDED from src\main\AndroidManifest.xml:195:13-42
	android:theme
		ADDED from src\main\AndroidManifest.xml:196:13-45
	android:name
		ADDED from src\main\AndroidManifest.xml:194:13-75
activity#com.sumroch.spotme.activities.parkir.history.HistoryParkirActivity
ADDED from src\main\AndroidManifest.xml:197:9-199:48
	android:theme
		ADDED from src\main\AndroidManifest.xml:199:13-45
	android:name
		ADDED from src\main\AndroidManifest.xml:198:13-76
activity#com.sumroch.spotme.activities.registration.editprofile.ProfileAkunActivity
ADDED from src\main\AndroidManifest.xml:200:9-202:48
	android:theme
		ADDED from src\main\AndroidManifest.xml:202:13-45
	android:name
		ADDED from src\main\AndroidManifest.xml:201:13-84
activity#com.sumroch.spotme.activities.registration.editprofile.ProfileKendaraanActivity
ADDED from src\main\AndroidManifest.xml:203:9-205:48
	android:theme
		ADDED from src\main\AndroidManifest.xml:205:13-45
	android:name
		ADDED from src\main\AndroidManifest.xml:204:13-89
activity#com.sumroch.spotme.activities.registration.editprofile.ProfileAddActivity
ADDED from src\main\AndroidManifest.xml:206:9-208:48
	android:theme
		ADDED from src\main\AndroidManifest.xml:208:13-45
	android:name
		ADDED from src\main\AndroidManifest.xml:207:13-83
activity#com.sumroch.spotme.activities.registration.editprofile.ProfileKontaActivity
ADDED from src\main\AndroidManifest.xml:209:9-211:48
	android:theme
		ADDED from src\main\AndroidManifest.xml:211:13-45
	android:name
		ADDED from src\main\AndroidManifest.xml:210:13-85
activity#com.sumroch.spotme.activities.registration.editprofile.ProfilePassworActivity
ADDED from src\main\AndroidManifest.xml:212:9-214:48
	android:theme
		ADDED from src\main\AndroidManifest.xml:214:13-45
	android:name
		ADDED from src\main\AndroidManifest.xml:213:13-87
activity#com.sumroch.spotme.dialog.DialogParkir
ADDED from src\main\AndroidManifest.xml:215:9-216:46
	android:theme
		ADDED from src\main\AndroidManifest.xml:216:13-44
	android:name
		ADDED from src\main\AndroidManifest.xml:215:19-54
uses-sdk
INJECTED from src\main\AndroidManifest.xml reason: use-sdk injection requested
MERGED from [io.realm:realm-android-library:3.3.0] AndroidManifest.xml:7:5-9:41
MERGED from [com.getkeepsafe.relinker:relinker:1.2.2] AndroidManifest.xml:7:5-43
MERGED from [com.android.support.constraint:constraint-layout:1.0.2] AndroidManifest.xml:5:5-7:41
MERGED from [com.android.support:design:25.3.1] AndroidManifest.xml:21:5-23:62
MERGED from [com.android.support:transition:25.3.1] AndroidManifest.xml:20:5-44
MERGED from [com.android.support:cardview-v7:25.3.1] AndroidManifest.xml:20:5-43
MERGED from [com.android.support:recyclerview-v7:25.3.1] AndroidManifest.xml:20:5-43
MERGED from [com.android.support:percent:25.3.1] AndroidManifest.xml:20:5-43
MERGED from [com.estimote:sdk:1.0.8] AndroidManifest.xml:7:5-9:41
MERGED from [com.estimote:mgmtsdk:1.0.8] AndroidManifest.xml:7:5-43
MERGED from [com.estimote:management-sdk:0.0.1] AndroidManifest.xml:7:5-9:41
MERGED from [com.estimote:cloud-plugin:0.0.1] AndroidManifest.xml:7:5-9:41
MERGED from [com.estimote:internal-plugins-api:0.0.1] AndroidManifest.xml:7:5-9:41
MERGED from [io.reactivex.rxjava2:rxandroid:2.0.1] AndroidManifest.xml:19:5-43
MERGED from [com.estimote:coresdk:1.0.6] AndroidManifest.xml:7:5-43
MERGED from [com.jakewharton:butterknife:8.8.1] AndroidManifest.xml:5:5-43
MERGED from [com.github.JakeWharton:ViewPagerIndicator:2.4.1] AndroidManifest.xml:7:5-9:41
MERGED from [com.google.firebase:firebase-core:11.0.4] AndroidManifest.xml:4:5-43
MERGED from [com.google.firebase:firebase-analytics:11.0.4] AndroidManifest.xml:17:5-43
MERGED from [com.google.firebase:firebase-analytics-impl:11.0.4] AndroidManifest.xml:17:5-43
MERGED from [com.google.firebase:firebase-messaging:11.0.4] AndroidManifest.xml:17:5-43
MERGED from [com.google.firebase:firebase-iid:11.0.4] AndroidManifest.xml:17:5-43
MERGED from [com.google.firebase:firebase-common:11.0.4] AndroidManifest.xml:3:5-43
MERGED from [com.google.android.gms:play-services-location:11.0.4] AndroidManifest.xml:3:5-43
MERGED from [com.google.maps.android:android-maps-utils:0.5] AndroidManifest.xml:5:5-43
MERGED from [com.android.support:multidex:1.0.1] AndroidManifest.xml:18:5-42
MERGED from [com.crashlytics.sdk.android:crashlytics:2.6.8] AndroidManifest.xml:7:5-43
MERGED from [com.crashlytics.sdk.android:beta:1.2.5] AndroidManifest.xml:7:5-43
MERGED from [com.crashlytics.sdk.android:crashlytics-core:2.3.17] AndroidManifest.xml:50:5-43
MERGED from [com.crashlytics.sdk.android:answers:1.3.13] AndroidManifest.xml:7:5-43
MERGED from [io.fabric.sdk.android:fabric:1.3.17] AndroidManifest.xml:27:5-43
MERGED from [com.tsengvn:typekit:1.0.1] AndroidManifest.xml:7:5-9:41
MERGED from [de.hdodenhof:circleimageview:2.2.0] AndroidManifest.xml:5:5-7:41
MERGED from [com.balysv.materialmenu:material-menu:2.0.0] AndroidManifest.xml:6:5-8:41
MERGED from [com.github.jd-alexander:library:1.1.0] AndroidManifest.xml:7:5-9:41
MERGED from [com.google.android.gms:play-services-maps:11.0.4] AndroidManifest.xml:23:5-43
MERGED from [com.facebook.stetho:stetho-okhttp3:1.5.0] AndroidManifest.xml:7:5-9:41
MERGED from [com.facebook.stetho:stetho:1.5.0] AndroidManifest.xml:7:5-9:41
MERGED from [com.uphyca:stetho_realm:2.1.0] AndroidManifest.xml:8:5-10:41
MERGED from [com.bottlerocketstudios:barcode:1.0.3] AndroidManifest.xml:5:5-7:41
MERGED from [com.layer-net:step-indicator:1.1.0] AndroidManifest.xml:7:5-9:41
MERGED from [com.github.jkwiecien:EasyImage:1.3.1] AndroidManifest.xml:7:5-9:41
MERGED from [id.zelory:compressor:2.1.0] AndroidManifest.xml:8:5-10:41
MERGED from [com.github.hotchemi:permissionsdispatcher:3.0.1] AndroidManifest.xml:6:5-8:41
MERGED from [com.wdullaer:materialdatetimepicker:3.4.0] AndroidManifest.xml:22:5-24:41
MERGED from [com.google.android:flexbox:0.2.5] AndroidManifest.xml:23:5-25:41
MERGED from [project_spotme_android:ChipCloud:unspecified] AndroidManifest.xml:7:5-9:41
MERGED from [com.android.support:appcompat-v7:25.3.1] AndroidManifest.xml:21:5-23:78
MERGED from [com.android.support:animated-vector-drawable:25.3.1] AndroidManifest.xml:20:5-44
MERGED from [com.android.support:support-vector-drawable:25.3.1] AndroidManifest.xml:20:5-43
MERGED from [com.android.volley:volley:1.1.0] AndroidManifest.xml:7:5-43
MERGED from [com.daimajia.slider:library:1.1.5] AndroidManifest.xml:7:5-9:41
MERGED from [com.google.android.gms:play-services-auth:11.0.4] AndroidManifest.xml:17:5-43
MERGED from [com.google.android.gms:play-services-auth-base:11.0.4] AndroidManifest.xml:4:5-43
MERGED from [com.google.android.gms:play-services-base:11.0.4] AndroidManifest.xml:17:5-43
MERGED from [com.google.android.gms:play-services-tasks:11.0.4] AndroidManifest.xml:3:5-43
MERGED from [com.google.android.gms:play-services-basement:11.0.4] AndroidManifest.xml:17:5-43
MERGED from [com.facebook.android:facebook-android-sdk:4.7.0] AndroidManifest.xml:24:5-26:41
MERGED from [com.android.support:support-v4:25.3.1] AndroidManifest.xml:21:5-23:54
MERGED from [com.android.support:support-fragment:25.3.1] AndroidManifest.xml:21:5-23:60
MERGED from [com.android.support:support-media-compat:25.3.1] AndroidManifest.xml:21:5-23:63
MERGED from [com.android.support:support-core-ui:25.3.1] AndroidManifest.xml:21:5-23:58
MERGED from [com.android.support:support-core-utils:25.3.1] AndroidManifest.xml:21:5-23:61
MERGED from [com.android.support:support-compat:25.3.1] AndroidManifest.xml:21:5-23:58
MERGED from [com.facebook.fresco:fresco:1.5.0] AndroidManifest.xml:5:5-7:41
MERGED from [com.facebook.fresco:drawee:1.5.0] AndroidManifest.xml:5:5-7:41
MERGED from [com.facebook.fresco:imagepipeline:1.5.0] AndroidManifest.xml:5:5-7:41
MERGED from [com.facebook.fresco:imagepipeline-base:1.5.0] AndroidManifest.xml:5:5-7:41
MERGED from [com.facebook.fresco:fbcore:1.5.0] AndroidManifest.xml:5:5-7:41
	tools:overrideLibrary
		ADDED from [com.android.support:design:25.3.1] AndroidManifest.xml:23:9-59
	android:targetSdkVersion
		INJECTED from src\main\AndroidManifest.xml
		INJECTED from src\main\AndroidManifest.xml
	android:minSdkVersion
		INJECTED from src\main\AndroidManifest.xml
		INJECTED from src\main\AndroidManifest.xml
meta-data#android.support.VERSION
ADDED from [com.android.support:design:25.3.1] AndroidManifest.xml:25:5-27:34
MERGED from [com.android.support:transition:25.3.1] AndroidManifest.xml:22:5-24:34
MERGED from [com.android.support:cardview-v7:25.3.1] AndroidManifest.xml:22:5-24:34
MERGED from [com.android.support:recyclerview-v7:25.3.1] AndroidManifest.xml:22:5-24:34
MERGED from [com.android.support:percent:25.3.1] AndroidManifest.xml:22:5-24:34
MERGED from [com.android.support:appcompat-v7:25.3.1] AndroidManifest.xml:25:5-27:34
MERGED from [com.android.support:animated-vector-drawable:25.3.1] AndroidManifest.xml:22:5-24:34
MERGED from [com.android.support:support-vector-drawable:25.3.1] AndroidManifest.xml:22:5-24:34
MERGED from [com.android.support:support-v4:25.3.1] AndroidManifest.xml:25:5-27:34
MERGED from [com.android.support:support-fragment:25.3.1] AndroidManifest.xml:25:5-27:34
MERGED from [com.android.support:support-media-compat:25.3.1] AndroidManifest.xml:25:5-27:34
MERGED from [com.android.support:support-core-ui:25.3.1] AndroidManifest.xml:25:5-27:34
MERGED from [com.android.support:support-core-utils:25.3.1] AndroidManifest.xml:25:5-27:34
MERGED from [com.android.support:support-compat:25.3.1] AndroidManifest.xml:25:5-27:34
	android:value
		ADDED from [com.android.support:design:25.3.1] AndroidManifest.xml:27:9-31
	android:name
		ADDED from [com.android.support:design:25.3.1] AndroidManifest.xml:26:9-47
uses-permission#android.permission.BLUETOOTH
ADDED from [com.estimote:mgmtsdk:1.0.8] AndroidManifest.xml:10:5-68
MERGED from [com.estimote:coresdk:1.0.6] AndroidManifest.xml:10:5-68
	android:name
		ADDED from [com.estimote:mgmtsdk:1.0.8] AndroidManifest.xml:10:22-65
uses-permission#android.permission.BLUETOOTH_ADMIN
ADDED from [com.estimote:mgmtsdk:1.0.8] AndroidManifest.xml:11:5-74
MERGED from [com.estimote:coresdk:1.0.6] AndroidManifest.xml:11:5-74
	android:name
		ADDED from [com.estimote:mgmtsdk:1.0.8] AndroidManifest.xml:11:22-71
uses-permission-sdk-23
ADDED from [com.estimote:mgmtsdk:1.0.8] AndroidManifest.xml:13:5-88
	android:name
		ADDED from [com.estimote:mgmtsdk:1.0.8] AndroidManifest.xml:13:29-85
uses-permission#android.permission.ACCESS_NETWORK_STATE
ADDED from [com.estimote:mgmtsdk:1.0.8] AndroidManifest.xml:16:5-79
MERGED from [com.estimote:coresdk:1.0.6] AndroidManifest.xml:16:5-79
MERGED from [com.google.firebase:firebase-analytics:11.0.4] AndroidManifest.xml:21:5-78
MERGED from [com.google.firebase:firebase-analytics-impl:11.0.4] AndroidManifest.xml:21:5-78
MERGED from [com.google.firebase:firebase-iid:11.0.4] AndroidManifest.xml:19:5-78
MERGED from [com.google.android.gms:play-services-maps:11.0.4] AndroidManifest.xml:19:5-78
	android:name
		ADDED from [com.estimote:mgmtsdk:1.0.8] AndroidManifest.xml:16:22-76
uses-feature#android.hardware.bluetooth_le
ADDED from [com.estimote:mgmtsdk:1.0.8] AndroidManifest.xml:18:5-20:36
MERGED from [com.estimote:coresdk:1.0.6] AndroidManifest.xml:18:5-20:36
	android:required
		ADDED from [com.estimote:mgmtsdk:1.0.8] AndroidManifest.xml:20:9-33
	android:name
		ADDED from [com.estimote:mgmtsdk:1.0.8] AndroidManifest.xml:19:9-53
service#com.estimote.mgmtsdk.connection.strategy.DeviceConnectionProviderService
ADDED from [com.estimote:mgmtsdk:1.0.8] AndroidManifest.xml:23:9-25:40
	android:exported
		ADDED from [com.estimote:mgmtsdk:1.0.8] AndroidManifest.xml:25:13-37
	android:name
		ADDED from [com.estimote:mgmtsdk:1.0.8] AndroidManifest.xml:24:13-100
service#com.estimote.mgmtsdk.repackaged.dfu_v0_6_1.no.nordicsemi.android.dfu.DfuBaseService
ADDED from [com.estimote:mgmtsdk:1.0.8] AndroidManifest.xml:26:9-119
	android:name
		ADDED from [com.estimote:mgmtsdk:1.0.8] AndroidManifest.xml:26:18-116
service#com.estimote.coresdk.service.BeaconService
ADDED from [com.estimote:coresdk:1.0.6] AndroidManifest.xml:23:9-25:40
	android:exported
		ADDED from [com.estimote:coresdk:1.0.6] AndroidManifest.xml:25:13-37
	android:name
		ADDED from [com.estimote:coresdk:1.0.6] AndroidManifest.xml:24:13-70
activity#com.estimote.coresdk.common.requirements.DefaultRequirementsCheckerCallback$Activity
ADDED from [com.estimote:coresdk:1.0.6] AndroidManifest.xml:27:9-29:56
	android:theme
		ADDED from [com.estimote:coresdk:1.0.6] AndroidManifest.xml:29:13-53
	android:name
		ADDED from [com.estimote:coresdk:1.0.6] AndroidManifest.xml:28:13-112
receiver#com.estimote.coresdk.scanning.scheduling.SystemAlarmManager$AlarmBroadcastReceiver
ADDED from [com.estimote:coresdk:1.0.6] AndroidManifest.xml:31:9-119
	android:name
		ADDED from [com.estimote:coresdk:1.0.6] AndroidManifest.xml:31:19-116
uses-permission#android.permission.WAKE_LOCK
ADDED from [com.google.firebase:firebase-analytics:11.0.4] AndroidManifest.xml:22:5-67
MERGED from [com.google.firebase:firebase-analytics-impl:11.0.4] AndroidManifest.xml:22:5-67
MERGED from [com.google.firebase:firebase-iid:11.0.4] AndroidManifest.xml:21:5-67
	android:name
		ADDED from [com.google.firebase:firebase-analytics:11.0.4] AndroidManifest.xml:22:22-65
receiver#com.google.android.gms.measurement.AppMeasurementReceiver
ADDED from [com.google.firebase:firebase-analytics:11.0.4] AndroidManifest.xml:25:7-26:18
MERGED from [com.google.firebase:firebase-analytics-impl:11.0.4] AndroidManifest.xml:25:7-26:18
	android:enabled
		ADDED from [com.google.firebase:firebase-analytics:11.0.4] AndroidManifest.xml:25:90-112
	android:exported